[  -16042ms] [LOG] automation-practice-form @ https://demoqa.com/assets/index-D_rDx8ml.js:38
[  -15232ms] [WARNING] [GPT] Slot Ad.Plus-970x250-2 rendered inside of the viewport.
https://goo.gle/gpt-message#169 @ https://securepubads.g.doubleclick.net/pagead/managed/js/gpt/m202604100101/pubads_impl.js?cb=31097815:18
[  -14801ms] [ERROR] Failed to load resource: the server responded with a status of 404 () @ https://01c2786d2e3a2f2ad2773e1290ffb14d.safeframe.googlesyndication.com/safeframe/1-0-45/html/mraid.js:0
[  -14686ms] [ERROR] Refused to execute script from 'https://01c2786d2e3a2f2ad2773e1290ffb14d.safeframe.googlesyndication.com/safeframe/1-0-45/html/mraid.js' because its MIME type ('text/html') is not executable, and strict MIME type checking is enabled. @ https://01c2786d2e3a2f2ad2773e1290ffb14d.safeframe.googlesyndication.com/safeframe/1-0-45/html/container.html:0
[  -14545ms] [WARNING] [GPT] Using deprecated googletag.encryptedSignalProviders. Please use googletag.secureSignalProviders instead.
https://goo.gle/gpt-message#155 @ https://securepubads.g.doubleclick.net/pagead/managed/js/gpt/m202604100101/pubads_impl.js?cb=31097815:18
[  -14421ms] [WARNING] [GPT] Using deprecated googletag.encryptedSignalProviders. Please use googletag.secureSignalProviders instead.
https://goo.gle/gpt-message#155 @ https://securepubads.g.doubleclick.net/pagead/managed/js/gpt/m202604100101/pubads_impl.js?cb=31097815:18
[  -14801ms] [ERROR] Failed to load resource: the server responded with a status of 404 () @ https://01c2786d2e3a2f2ad2773e1290ffb14d.safeframe.googlesyndication.com/safeframe/1-0-45/html/mraid.js:0
[  -14686ms] [ERROR] Refused to execute script from 'https://01c2786d2e3a2f2ad2773e1290ffb14d.safeframe.googlesyndication.com/safeframe/1-0-45/html/mraid.js' because its MIME type ('text/html') is not executable, and strict MIME type checking is enabled. @ https://01c2786d2e3a2f2ad2773e1290ffb14d.safeframe.googlesyndication.com/safeframe/1-0-45/html/container.html:0
[  -13886ms] [LOG] framesInit @ https://s0.2mdn.net/sadbundle/17104464769109044258/728x90/main.js:2
[  -13792ms] [ERROR] Failed to load resource: the server responded with a status of 404 () @ https://s0.2mdn.net/sadbundle/17104464769109044258/728x90/spritesheet.png:0
[  -13487ms] [WARNING] [GPT] Using deprecated googletag.encryptedSignalProviders. Please use googletag.secureSignalProviders instead.
https://goo.gle/gpt-message#155 @ https://securepubads.g.doubleclick.net/pagead/managed/js/gpt/m202604100101/pubads_impl.js?cb=31097815:18
[  -13486ms] [WARNING] Google Deploy of the SharedId library has been deprecated. Please select another option in the GAM UI. If you use Prebid, we suggest the Prebid.js UserId option. If you do not, you may configure GAM to allow Google to share a first party user identifier with OB and AB participants, which is either the publisherProvidedId or the __gads value when that is missing. @ https://cdn.jsdelivr.net/gh/prebid/shared-id/pubcid.js/docs/pubcid.min.js:0
[  -13147ms] [ERROR] Attestation check for Attribution Reporting on https://ad.doubleclick.net failed. @ https://demoqa.com/automation-practice-form:0
[  -13145ms] [ERROR] Attestation check for Attribution Reporting on https://ad.doubleclick.net failed. @ https://demoqa.com/automation-practice-form:0
[  -13139ms] [ERROR] Attestation check for Attribution Reporting on https://ad.doubleclick.net failed. @ https://demoqa.com/automation-practice-form:0
[  -13127ms] [ERROR] Attestation check for Attribution Reporting on https://ad.doubleclick.net failed. @ https://demoqa.com/automation-practice-form:0
[   -5871ms] [LOG] Function "frame_f4" not found! @ https://s0.2mdn.net/sadbundle/17104464769109044258/728x90/main.js:2
